[31645.951935] INFO: rcu_sched self-detected stall on CPU
[31645.952616] 	0-...: (1 ticks this GP) idle=7f1/140000000000001/0 softirq=37509/37509 fqs=0 
[31645.952616] 	 (t=18433 jiffies g=24850 c=24849 q=669)
[31645.952616] rcu_sched kthread starved for 18433 jiffies! g24850 c24849 f0x0 s3 ->state=0x1
[32519.736008] INFO: rcu_sched self-detected stall on CPU[33104.998661] INFO: rcu_sched detected stalls on CPUs/tasks:[33104.998664] 	1-...: (1 GPs behind) idle=b51/140000000000001/0 softirq=69440/69448 fqs=0 
[33104.998665] 	[33104.998702] rcu_sched kthread starved for 146315 jiffies! g25971 c25970 f0x0 s3 ->state=0x1

[33105.004904] 	1-...: (1 GPs behind) idle=b51/140000000000001/0 softirq=69440/69448 fqs=1 
[33105.004904] 	 (t=146315 jiffies g=25971 c=25970 q=982)
[33559.715776] INFO: rcu_sched self-detected stall on CPU[33559.715776] 	1-...: (1 ticks this GP) idle=a89/140000000000001/0 softirq=73608/73608 fqs=0 
[33559.715776] 	 (t=66129 jiffies g=26659 c=26658 q=599)
[33559.715776] rcu_sched kthread starved for 66129 jiffies! g26659 c26658 f0x0 s3 ->state=0x1
0] e1000 0000:00:08.0 enp0s8: Detected Tx Unit Hang
[18694.171570]   Tx Queue             <0>
[18694.171570]   TDH                  <0>
[18694.171570]   TDT                  <2>
[18694.171570]   next_to_use          <2>
[18694.171570]   next_to_clean        <0>
[18694.171570] buffer_info[next_to_clean]
[18694.171570]   time_stamp           <100462540>
[18694.171570]   next_to_watch        <1>
[18694.171570]   jiffies              <100462b0e>
[18694.171570]   next_to_watch.status <0>
[18696.347735] e1000 0000:00:08.0 enp0s8: Reset adapter
[18696.360344] e1000 0000:00:08.0 enp0s8: Detected Tx Unit Hang
[18696.360344]   Tx Queue             <0>
[18696.360344]   TDH                  <0>
[18696.360344]   TDT                  <2>
[18696.360344]   next_to_use          <2>
[18696.360344]   next_to_clean        <0>
[18696.360344] buffer_info[next_to_clean]
[18696.360344]   time_stamp           <100462540>
[18696.360344]   next_to_watch        <1>
[18696.360344]   jiffies              <100462d32>
[18696.360344]   next_to_watch.status <0>
